[25/Mar/2024:18:21:06 +0000] [info] Log engine initialized
[25/Mar/2024:18:21:06 +0000] [info] osinfo: {"version":"11 (bullseye)","name":"Debian GNU/Linux","version_id":"11"}
[25/Mar/2024:18:21:06 +0000] [info] version, eng: 19.8.1-20016 backend: 10.7.1-16
[25/Mar/2024:18:21:06 +0000] [info] Processing orphaned SC policies, removing any that are 1 day or older
[25/Mar/2024:18:21:06 +0000] [info] End processing orphaned SC policies, deleted 0 files
[25/Mar/2024:18:21:06 +0000] [info] The server cert /opt/nessus/com/nessus/CA/servercert.pem is confirmed against CA cert /opt/nessus/com/nessus/CA/cacert.pem
[25/Mar/2024:18:21:06 +0000] [info] Copying templates version 197001010000 to /opt/nessus/var/nessus/templates/tmp
[25/Mar/2024:18:21:06 +0000] [info] Finished copying templates.
[25/Mar/2024:18:21:06 +0000] [info] Moved new templates with version 197001010000 from plugins dir.
[25/Mar/2024:18:21:06 +0000] [info] [globaldb] Waiting for global.db initialization
[25/Mar/2024:18:21:06 +0000] [info] [globaldb] Continuing to load Nessus.
[25/Mar/2024:18:21:06 +0000] [info] [globaldb] license: {"features":{"remote_link":true,"software_update":true},"type":"unknown","expiration_date":0,"ips":0,"restricted":true,"agents":0,"mode":16777216,"scanners":0,"name":"Nessus (Unregistered Scanner)"}
[25/Mar/2024:18:21:06 +0000] [info] [globaldb] Copying templates version 197001010000 to /opt/nessus/var/nessus/templates
[25/Mar/2024:18:21:06 +0000] [info] [globaldb] Finished copying templates.
[25/Mar/2024:18:21:06 +0000] [info] [globaldb] Updated templates to version 197001010000.
[25/Mar/2024:18:21:34 +0000] [info] [globaldb] [init=wizarddb] Skipping templates copy; no template updates found in /opt/nessus/var/nessus/templates/tmp
[25/Mar/2024:18:21:36 +0000] [info] [logdaily] firing daily log events...
[25/Mar/2024:18:21:36 +0000] [info] [globaldb] Creating global.db version 2.3.0
[25/Mar/2024:18:21:36 +0000] [info] [globaldb] Upgrading global.db to version 2.4.0
[25/Mar/2024:18:21:36 +0000] [info] [globaldb] Upgrading global.db to version 6.0.0
[25/Mar/2024:18:21:36 +0000] [info] [globaldb] Upgrading global.db to version 6.2.0
[25/Mar/2024:18:21:36 +0000] [info] [globaldb] Upgrading global.db to version 6.3.0
[25/Mar/2024:18:21:36 +0000] [info] [globaldb] Upgrading global.db to version 6.5.0
[25/Mar/2024:18:21:36 +0000] [info] [globaldb] Upgrading global.db to version 6.10.5
[25/Mar/2024:18:21:36 +0000] [info] [globaldb] Upgrading global.db to version 7.0.0
[25/Mar/2024:18:21:36 +0000] [info] [globaldb] Upgrading global.db to version 7.1.0
[25/Mar/2024:18:21:37 +0000] [info] [globaldb] Upgrading global.db to version 7.1.1
[25/Mar/2024:18:21:37 +0000] [info] [globaldb] Upgrading global.db to version 8.0.0
[25/Mar/2024:18:21:37 +0000] [info] [globaldb] Upgrading global.db to version 8.1.0
[25/Mar/2024:18:21:37 +0000] [info] [globaldb] Upgrading global.db to version 8.2.0
[25/Mar/2024:18:21:37 +0000] [info] [globaldb] Upgrading global.db to version 8.4.0
[25/Mar/2024:18:21:37 +0000] [info] [globaldb] Upgrading global.db to version 8.4.10
[25/Mar/2024:18:21:37 +0000] [info] [globaldb] Upgrading global.db to version 8.6.0
[25/Mar/2024:18:21:37 +0000] [info] [globaldb] Upgrading global.db to version 8.8.0
[25/Mar/2024:18:21:37 +0000] [info] [globaldb] Upgrading global.db to version 8.9.1
[25/Mar/2024:18:21:37 +0000] [info] [globaldb] Upgrading global.db to version 8.12.0
[25/Mar/2024:18:21:37 +0000] [info] [globaldb] Upgrading global.db to version 8.13.1
[25/Mar/2024:18:21:37 +0000] [info] [globaldb] Upgrading global.db to version 8.14.1
[25/Mar/2024:18:21:37 +0000] [info] [globaldb] Upgrading global.db to version 8.15.0
[25/Mar/2024:18:21:37 +0000] [info] [globaldb] Upgrading global.db to version 8.15.1
[25/Mar/2024:18:21:37 +0000] [info] [globaldb] Upgrading global.db to version 8.15.2
[25/Mar/2024:18:21:37 +0000] [info] [globaldb] Upgrading global.db to version 10.0.0
[25/Mar/2024:18:21:37 +0000] [info] [globaldb] Upgrading global.db to version 10.1.0
[25/Mar/2024:18:21:37 +0000] [info] [globaldb] Upgrading global.db to version 10.2.0
[25/Mar/2024:18:21:37 +0000] [info] [globaldb] Upgrading global.db to version 10.4.0
[25/Mar/2024:18:21:37 +0000] [info] [globaldb] Terrascan: ingesting policies...
[25/Mar/2024:18:21:37 +0000] [info] [globaldb] Terrascan: migrating any scans that are found...
[25/Mar/2024:18:21:37 +0000] [info] [globaldb] Upgrading global.db to version 10.5.0
[25/Mar/2024:18:21:37 +0000] [info] [globaldb] Upgrading global.db to version 10.6.0
[25/Mar/2024:18:21:37 +0000] [info] [globaldb] Upgrade complete.
[25/Mar/2024:18:21:37 +0000] [info] [globaldb] Auto-configuration: attempting to get AWS cloud instance metadata (this will fail if not on AWS).
[25/Mar/2024:18:21:47 +0000] [warn, aws] [globaldb] Failed to get user data: Local api request failed: Connection to X.Y.169.254:80 failed
[25/Mar/2024:18:21:47 +0000] [info] [globaldb] Waiting for Nessus to be ready
[25/Mar/2024:18:21:47 +0000] [info] [globaldb] cleanup is starting.
[25/Mar/2024:18:21:47 +0000] [info] [globaldb] scanner-stats is starting.
[25/Mar/2024:18:21:47 +0000] [info] [globaldb] scanner-stats-cleanup is starting.
[25/Mar/2024:18:21:47 +0000] [info] [globaldb] event-cleanup is starting.
[25/Mar/2024:18:21:47 +0000] [info] [globaldb] feed-status-check is starting.
[25/Mar/2024:18:21:47 +0000] [info] [globaldb] agent-activity-cleanup is starting.
[25/Mar/2024:18:21:47 +0000] [info] [globaldb] telemetry-service is starting.
[25/Mar/2024:18:21:47 +0000] [info] [globaldb] plugin-healthcheck-service is starting.
[25/Mar/2024:18:21:47 +0000] [info] [globaldb] backup-service is starting.
[25/Mar/2024:18:21:47 +0000] [info] [globaldb] agent-mover is starting.
[25/Mar/2024:18:21:47 +0000] [info] [globaldb] docker-detect is starting.
[25/Mar/2024:18:21:47 +0000] [info] [globaldb] was-docker is starting.
[25/Mar/2024:18:21:47 +0000] [info] [globaldb] node-sync is starting.
[25/Mar/2024:18:21:47 +0000] [info] [globaldb] node-scan-sync is starting.
[25/Mar/2024:18:21:47 +0000] [info] [globaldb] node-directive-sync is starting.
[25/Mar/2024:18:21:47 +0000] [info] [globaldb] node-scan-uploader is starting.
[25/Mar/2024:18:21:47 +0000] [info] [globaldb] node-updater is starting.
[25/Mar/2024:18:21:47 +0000] [info] [globaldb] node-activity-uploader is starting.
[25/Mar/2024:18:21:47 +0000] [info] [globaldb] node-status-check is starting.
[25/Mar/2024:18:21:47 +0000] [info] [globaldb] node-scan-check is starting.
[25/Mar/2024:18:21:48 +0000] [info] [msmanager] Disabling msmanager - not a remote scanner
[25/Mar/2024:18:21:48 +0000] [info] [cleanup] Start processing scan history, scan_history_expiration_days = 0
[25/Mar/2024:18:21:48 +0000] [info] [backup-service] Removing backups that are older than 30 days
[25/Mar/2024:18:21:48 +0000] [info] [backup-service] HostTag::createUnix: setting TAG value to 'a659c9bcefc846b3828cc98615e70564'
[25/Mar/2024:18:21:48 +0000] [info] [backup-service] End creating backup and processing old backups, deleted 0 files
[25/Mar/2024:18:21:48 +0000] [info] [cleanup] Processing orphaned scan results, removing any that are older than 30 days
[25/Mar/2024:18:21:48 +0000] [info] [cleanup] Processing packet capture archives, removing any that are older than 30 days
[25/Mar/2024:18:21:48 +0000] [info] [cleanup] End processing packet capture archives, deleted 0 files
